Using pre-set license
Built from '2020.3/staging' branch; Version is '2020.3.28f1 (f5400f52e03f) revision 16072719'; Using compiler version '192528614'; Build Type 'Release'
OS: 'Windows 10  (10.0.19044) 64bit Core' Language: 'en' Physical Memory: 16075 MB
BatchMode: 1, IsHumanControllingUs: 0, StartBugReporterOnCrash: 0, Is64bit: 1, IsPro: 0

COMMAND LINE ARGUMENTS:
C:\Program Files\Unity\Hub\Editor\2020.3.28f1\Editor\Unity.exe
-adb2
-batchMode
-noUpm
-name
AssetImportWorker0
-projectPath
C:/Users/mcint/Documents/Criminal2/CriminalCase
-logFile
Logs/AssetImportWorker0.log
-srvPort
49985
Successfully changed project path to: C:/Users/mcint/Documents/Criminal2/CriminalCase
C:/Users/mcint/Documents/Criminal2/CriminalCase
Using Asset Import Pipeline V2.
Refreshing native plugins compatible for Editor in 151.38 ms, found 3 plugins.
Preloading 0 native plugins for Editor in 0.00 ms.
Initialize engine version: 2020.3.28f1 (f5400f52e03f)
[Subsystems] Discovering subsystems at path C:/Program Files/Unity/Hub/Editor/2020.3.28f1/Editor/Data/Resources/UnitySubsystems
[Subsystems] Discovering subsystems at path C:/Users/mcint/Documents/Criminal2/CriminalCase/Assets
GfxDevice: creating device client; threaded=0
Direct3D:
    Version:  Direct3D 11.0 [level 11.1]
    Renderer: NVIDIA GeForce MX350 (ID=0x1c94)
    Vendor:   
    VRAM:     1979 MB
    Driver:   30.0.15.1169
Initialize mono
Mono path[0] = 'C:/Program Files/Unity/Hub/Editor/2020.3.28f1/Editor/Data/Managed'
Mono path[1] = 'C:/Program Files/Unity/Hub/Editor/2020.3.28f1/Editor/Data/MonoBleedingEdge/lib/mono/unityjit'
Mono config path = 'C:/Program Files/Unity/Hub/Editor/2020.3.28f1/Editor/Data/MonoBleedingEdge/etc'
Using monoOptions --debugger-agent=transport=dt_socket,embedding=1,server=y,suspend=n,address=127.0.0.1:56476
Begin MonoManager ReloadAssembly
Registering precompiled unity dll's ...
Register platform support module: C:/Program Files/Unity/Hub/Editor/2020.3.28f1/Editor/Data/PlaybackEngines/WebGLSupport/UnityEditor.WebGL.Extensions.dll
Register platform support module: C:/Program Files/Unity/Hub/Editor/2020.3.28f1/Editor/Data/PlaybackEngines/WindowsStandaloneSupport/UnityEditor.WindowsStandalone.Extensions.dll
Registered in 0.007896 seconds.
Native extension for WindowsStandalone target not found
Native extension for WebGL target not found
Refreshing native plugins compatible for Editor in 147.78 ms, found 3 plugins.
Preloading 0 native plugins for Editor in 0.00 ms.
Mono: successfully reloaded assembly
- Completed reload, in  1.776 seconds
Domain Reload Profiling:
	ReloadAssembly (1777ms)
		BeginReloadAssembly (200ms)
			ExecutionOrderSort (0ms)
			DisableScriptedObjects (0ms)
			BackupInstance (0ms)
			ReleaseScriptingObjects (0ms)
			CreateAndSetChildDomain (2ms)
		EndReloadAssembly (1337ms)
			LoadAssemblies (194ms)
			RebuildTransferFunctionScriptingTraits (0ms)
			SetupTypeCache (428ms)
			ReleaseScriptCaches (0ms)
			RebuildScriptCaches (90ms)
			SetupLoadedEditorAssemblies (532ms)
				LogAssemblyErrors (0ms)
				InitializePlatformSupportModulesInManaged (18ms)
				SetLoadedEditorAssemblies (1ms)
				RefreshPlugins (148ms)
				BeforeProcessingInitializeOnLoad (25ms)
				ProcessInitializeOnLoadAttributes (256ms)
				ProcessInitializeOnLoadMethodAttributes (83ms)
				AfterProcessingInitializeOnLoad (0ms)
				EditorAssembliesLoaded (1ms)
			ExecutionOrderSort2 (0ms)
			AwakeInstancesAfterBackupRestoration (0ms)
Platform modules already initialized, skipping
Registering precompiled user dll's ...
Registered in 0.015133 seconds.
Begin MonoManager ReloadAssembly
Native extension for WindowsStandalone target not found
Native extension for WebGL target not found
Refreshing native plugins compatible for Editor in 148.80 ms, found 3 plugins.
Preloading 0 native plugins for Editor in 0.00 ms.
Mono: successfully reloaded assembly
- Completed reload, in  3.337 seconds
Domain Reload Profiling:
	ReloadAssembly (3339ms)
		BeginReloadAssembly (444ms)
			ExecutionOrderSort (0ms)
			DisableScriptedObjects (14ms)
			BackupInstance (0ms)
			ReleaseScriptingObjects (0ms)
			CreateAndSetChildDomain (46ms)
		EndReloadAssembly (2705ms)
			LoadAssemblies (307ms)
			RebuildTransferFunctionScriptingTraits (0ms)
			SetupTypeCache (896ms)
			ReleaseScriptCaches (1ms)
			RebuildScriptCaches (137ms)
			SetupLoadedEditorAssemblies (1045ms)
				LogAssemblyErrors (0ms)
				InitializePlatformSupportModulesInManaged (14ms)
				SetLoadedEditorAssemblies (0ms)
				RefreshPlugins (149ms)
				BeforeProcessingInitializeOnLoad (222ms)
				ProcessInitializeOnLoadAttributes (593ms)
				ProcessInitializeOnLoadMethodAttributes (46ms)
				AfterProcessingInitializeOnLoad (20ms)
				EditorAssembliesLoaded (0ms)
			ExecutionOrderSort2 (0ms)
			AwakeInstancesAfterBackupRestoration (18ms)
Platform modules already initialized, skipping
========================================================================
Worker process is ready to serve import requests
Launched and connected shader compiler UnityShaderCompiler.exe after 0.15 seconds
Refreshing native plugins compatible for Editor in 0.76 ms, found 3 plugins.
Preloading 0 native plugins for Editor in 0.00 ms.
Unloading 2215 Unused Serialized files (Serialized files now loaded: 0)
System memory in use before: 96.4 MB.
System memory in use after: 96.4 MB.

Unloading 34 unused Assets to reduce memory usage. Loaded Objects now: 2643.
Total: 5.822000 ms (FindLiveObjects: 0.199000 ms CreateObjectMapping: 0.097000 ms MarkObjects: 5.271700 ms  DeleteObjects: 0.252400 ms)

AssetImportParameters requested are different than current active one (requested -> active):
  custom:framework-win-MediaFoundation: 216162199b28c13a410421893ffa2e32 -> 
  custom:video-decoder-ogg-theora: a1e56fd34408186e4bbccfd4996cb3dc -> 
  custom:container-muxer-webm: aa71ff27fc2769a1b78a27578f13a17b -> 
  custom:container-demuxer-webm: 4f35f7cbe854078d1ac9338744f61a02 -> 
  custom:container-demuxer-ogg: 62fdf1f143b41e24485cea50d1cbac27 -> 
  custom:video-encoder-webm-vp8: eb34c28f22e8b96e1ab97ce403110664 -> 
  custom:video-decoder-webm-vp8: 9c59270c3fd7afecdb556c50c9e8de78 -> 
  custom:audio-decoder-ogg-vorbis: bf7c407c2cedff20999df2af8eb42d56 -> 
  custom:audio-encoder-webm-vorbis: bf7c407c2cedff20999df2af8eb42d56 -> 
========================================================================
Received Import Request.
  path: Assets/Lab.jpg
  artifactKey: Guid(db11b76148bf2a9498724211a86a3e28) Importer(815301076,1909f56bfc062723c751e8b465ee728b)
Start importing Assets/Lab.jpg using Guid(db11b76148bf2a9498724211a86a3e28) Importer(815301076,1909f56bfc062723c751e8b465ee728b)  -> (artifact id: '15aa6ae25d3e6246ea0eb636e6c82f1d') in 0.218820 seconds 
  Import took 0.229043 seconds .

========================================================================
Received Import Request.
  Time since last request: 0.000658 seconds.
  path: Assets/finger6.png
  artifactKey: Guid(633cc1e5639ebb141a70424f8b6d8f75) Importer(815301076,1909f56bfc062723c751e8b465ee728b)
Start importing Assets/finger6.png using Guid(633cc1e5639ebb141a70424f8b6d8f75) Importer(815301076,1909f56bfc062723c751e8b465ee728b)  -> (artifact id: 'a7518b41276f7abe9673fe0c76aa6e43') in 0.075557 seconds 
  Import took 0.085115 seconds .

========================================================================
Received Import Request.
  Time since last request: 0.000627 seconds.
  path: Assets/PFGE.png
  artifactKey: Guid(a6b31c7711e68a6489784159707e4fb7) Importer(815301076,1909f56bfc062723c751e8b465ee728b)
Start importing Assets/PFGE.png using Guid(a6b31c7711e68a6489784159707e4fb7) Importer(815301076,1909f56bfc062723c751e8b465ee728b)  -> (artifact id: '28734d34a387d6af96dfb9030080873d') in 0.061974 seconds 
  Import took 0.072932 seconds .

========================================================================
Received Import Request.
  Time since last request: 0.000633 seconds.
  path: Assets/bulletCarvings1.png
  artifactKey: Guid(2476f1f97da12cb47b9b945aca11315a) Importer(815301076,1909f56bfc062723c751e8b465ee728b)
Start importing Assets/bulletCarvings1.png using Guid(2476f1f97da12cb47b9b945aca11315a) Importer(815301076,1909f56bfc062723c751e8b465ee728b)  -> (artifact id: '8fed36b944434c0999bbfbdb2462c1be') in 0.050531 seconds 
  Import took 0.062579 seconds .

========================================================================
Received Import Request.
  Time since last request: 0.000633 seconds.
  path: Assets/finger7.png
  artifactKey: Guid(ed89fe21f96a4b34ca53495b0ea9dfad) Importer(815301076,1909f56bfc062723c751e8b465ee728b)
Start importing Assets/finger7.png using Guid(ed89fe21f96a4b34ca53495b0ea9dfad) Importer(815301076,1909f56bfc062723c751e8b465ee728b)  -> (artifact id: '934a82ec4eb238270ec5b193d3d6ba45') in 0.051203 seconds 
  Import took 0.062719 seconds .

========================================================================
Received Import Request.
  Time since last request: 0.000538 seconds.
  path: Assets/gunBarrel.jpg
  artifactKey: Guid(785155e4d65ce4045a30dd0372f5bd5e) Importer(815301076,1909f56bfc062723c751e8b465ee728b)
Start importing Assets/gunBarrel.jpg using Guid(785155e4d65ce4045a30dd0372f5bd5e) Importer(815301076,1909f56bfc062723c751e8b465ee728b)  -> (artifact id: '1bae5390ab0dbff93a9d6e5b1312c971') in 0.056867 seconds 
  Import took 0.069059 seconds .

========================================================================
Received Import Request.
  Time since last request: 0.000513 seconds.
  path: Assets/finger1Part.png
  artifactKey: Guid(6f0f13e85b2fd4446ac2f3017c971b36) Importer(815301076,1909f56bfc062723c751e8b465ee728b)
Start importing Assets/finger1Part.png using Guid(6f0f13e85b2fd4446ac2f3017c971b36) Importer(815301076,1909f56bfc062723c751e8b465ee728b)  -> (artifact id: '46643e59da667d7c4da9a008aed3b114') in 0.087649 seconds 
  Import took 0.096749 seconds .

========================================================================
Received Import Request.
  Time since last request: 0.000528 seconds.
  path: Assets/finger5(1).png
  artifactKey: Guid(e7499d8b0f3e6d249afbad3655885403) Importer(815301076,1909f56bfc062723c751e8b465ee728b)
Start importing Assets/finger5(1).png using Guid(e7499d8b0f3e6d249afbad3655885403) Importer(815301076,1909f56bfc062723c751e8b465ee728b)  -> (artifact id: '97ceb853d4cefa9797b1c14d9fecf87b') in 0.054135 seconds 
  Import took 0.064144 seconds .

========================================================================
Received Import Request.
  Time since last request: 0.000544 seconds.
  path: Assets/finger5.png
  artifactKey: Guid(a94220a46d57044438b65ea20e6e2d86) Importer(815301076,1909f56bfc062723c751e8b465ee728b)
Start importing Assets/finger5.png using Guid(a94220a46d57044438b65ea20e6e2d86) Importer(815301076,1909f56bfc062723c751e8b465ee728b)  -> (artifact id: '29c2b9fd8be814c6e74e6f20099a0213') in 0.047604 seconds 
  Import took 0.058945 seconds .

========================================================================
Received Import Request.
  Time since last request: 0.000502 seconds.
  path: Assets/PCR.png
  artifactKey: Guid(3440ff373411c2d47a8911ab06942c69) Importer(815301076,1909f56bfc062723c751e8b465ee728b)
Start importing Assets/PCR.png using Guid(3440ff373411c2d47a8911ab06942c69) Importer(815301076,1909f56bfc062723c751e8b465ee728b)  -> (artifact id: '32214a9ed19ae82869edd68ec31fc555') in 0.044506 seconds 
  Import took 0.055600 seconds .

========================================================================
Received Import Request.
  Time since last request: 0.000481 seconds.
  path: Assets/finger4.png
  artifactKey: Guid(417268144d20d774c9a7743cbc54bd27) Importer(815301076,1909f56bfc062723c751e8b465ee728b)
Start importing Assets/finger4.png using Guid(417268144d20d774c9a7743cbc54bd27) Importer(815301076,1909f56bfc062723c751e8b465ee728b)  -> (artifact id: '0bfee70a58d12defecd9e9971411c5ce') in 0.090215 seconds 
  Import took 0.102967 seconds .

========================================================================
Received Import Request.
  Time since last request: 0.000564 seconds.
  path: Assets/gunAngle.png
  artifactKey: Guid(2f319ccb302588c41af6259b02cbdfc7) Importer(815301076,1909f56bfc062723c751e8b465ee728b)
Start importing Assets/gunAngle.png using Guid(2f319ccb302588c41af6259b02cbdfc7) Importer(815301076,1909f56bfc062723c751e8b465ee728b)  -> (artifact id: 'e1fe44c98bebbbd0823183d763a2a751') in 0.045442 seconds 
  Import took 0.057405 seconds .

========================================================================
Received Import Request.
  Time since last request: 0.000560 seconds.
  path: Assets/bulletCarvings2.png
  artifactKey: Guid(16233d7f4b08e5b4e9bb198c14f27b82) Importer(815301076,1909f56bfc062723c751e8b465ee728b)
Start importing Assets/bulletCarvings2.png using Guid(16233d7f4b08e5b4e9bb198c14f27b82) Importer(815301076,1909f56bfc062723c751e8b465ee728b)  -> (artifact id: '24310000a2a02c577066c59952835d2e') in 0.047855 seconds 
  Import took 0.058526 seconds .

========================================================================
Received Import Request.
  Time since last request: 0.000513 seconds.
  path: Assets/gunBlack.png
  artifactKey: Guid(464a37e534934944ebb5dea648933b1f) Importer(815301076,1909f56bfc062723c751e8b465ee728b)
Start importing Assets/gunBlack.png using Guid(464a37e534934944ebb5dea648933b1f) Importer(815301076,1909f56bfc062723c751e8b465ee728b)  -> (artifact id: '8bdb980423c108354fd2afe98e53e277') in 0.041594 seconds 
  Import took 0.051981 seconds .

========================================================================
Received Import Request.
  Time since last request: 0.000533 seconds.
  path: Assets/finger2.png
  artifactKey: Guid(7f076f911eeff0d47ab6d0a7c1e05575) Importer(815301076,1909f56bfc062723c751e8b465ee728b)
Start importing Assets/finger2.png using Guid(7f076f911eeff0d47ab6d0a7c1e05575) Importer(815301076,1909f56bfc062723c751e8b465ee728b)  -> (artifact id: '736dc6536e748c24f685858762458b22') in 0.050983 seconds 
  Import took 0.061693 seconds .

========================================================================
Received Import Request.
  Time since last request: 0.000616 seconds.
  path: Assets/finger8.png
  artifactKey: Guid(cca9f6787defd894d8f37f46cef7053e) Importer(815301076,1909f56bfc062723c751e8b465ee728b)
Start importing Assets/finger8.png using Guid(cca9f6787defd894d8f37f46cef7053e) Importer(815301076,1909f56bfc062723c751e8b465ee728b)  -> (artifact id: '22ba5bb180797fe8780448fcdcf3c294') in 0.043731 seconds 
  Import took 0.054513 seconds .

========================================================================
Received Import Request.
  Time since last request: 0.000452 seconds.
  path: Assets/finger1.png
  artifactKey: Guid(96bb273ce22b2b7489851829cae365cb) Importer(815301076,1909f56bfc062723c751e8b465ee728b)
Start importing Assets/finger1.png using Guid(96bb273ce22b2b7489851829cae365cb) Importer(815301076,1909f56bfc062723c751e8b465ee728b)  -> (artifact id: '79ceb2244654120e88df855d6307de44') in 0.052979 seconds 
  Import took 0.064470 seconds .

========================================================================
Received Import Request.
  Time since last request: 0.000520 seconds.
  path: Assets/finger3.png
  artifactKey: Guid(278488e35d3c9454c8b35d84e0822514) Importer(815301076,1909f56bfc062723c751e8b465ee728b)
Start importing Assets/finger3.png using Guid(278488e35d3c9454c8b35d84e0822514) Importer(815301076,1909f56bfc062723c751e8b465ee728b)  -> (artifact id: '29a61203283b876b168c01ece4bc2c06') in 0.044929 seconds 
  Import took 0.056791 seconds .

========================================================================
Received Import Request.
  Time since last request: 0.000662 seconds.
  path: Assets/finger3Part.png
  artifactKey: Guid(36da88e190231b649ae16bab83a2d5d4) Importer(815301076,1909f56bfc062723c751e8b465ee728b)
Start importing Assets/finger3Part.png using Guid(36da88e190231b649ae16bab83a2d5d4) Importer(815301076,1909f56bfc062723c751e8b465ee728b)  -> (artifact id: '1d76fa1d356e53e66d7b2affbc23b6e2') in 0.043799 seconds 
  Import took 0.053184 seconds .

========================================================================
Received Prepare
Registering precompiled user dll's ...
Registered in 0.014931 seconds.
Begin MonoManager ReloadAssembly
Native extension for WindowsStandalone target not found
Native extension for WebGL target not found
Refreshing native plugins compatible for Editor in 1.34 ms, found 3 plugins.
Preloading 0 native plugins for Editor in 0.00 ms.
Mono: successfully reloaded assembly
- Completed reload, in  3.115 seconds
Domain Reload Profiling:
	ReloadAssembly (3116ms)
		BeginReloadAssembly (334ms)
			ExecutionOrderSort (0ms)
			DisableScriptedObjects (20ms)
			BackupInstance (0ms)
			ReleaseScriptingObjects (0ms)
			CreateAndSetChildDomain (93ms)
		EndReloadAssembly (2584ms)
			LoadAssemblies (312ms)
			RebuildTransferFunctionScriptingTraits (0ms)
			SetupTypeCache (932ms)
			ReleaseScriptCaches (4ms)
			RebuildScriptCaches (139ms)
			SetupLoadedEditorAssemblies (903ms)
				LogAssemblyErrors (0ms)
				InitializePlatformSupportModulesInManaged (21ms)
				SetLoadedEditorAssemblies (2ms)
				RefreshPlugins (2ms)
				BeforeProcessingInitializeOnLoad (190ms)
				ProcessInitializeOnLoadAttributes (631ms)
				ProcessInitializeOnLoadMethodAttributes (38ms)
				AfterProcessingInitializeOnLoad (20ms)
				EditorAssembliesLoaded (0ms)
			ExecutionOrderSort2 (0ms)
			AwakeInstancesAfterBackupRestoration (26ms)
Platform modules already initialized, skipping
Refreshing native plugins compatible for Editor in 1.23 ms, found 3 plugins.
Preloading 0 native plugins for Editor in 0.00 ms.
Unloading 2210 Unused Serialized files (Serialized files now loaded: 0)
System memory in use before: 99.4 MB.
System memory in use after: 99.3 MB.

Unloading 23 unused Assets to reduce memory usage. Loaded Objects now: 2679.
Total: 9.631300 ms (FindLiveObjects: 0.362400 ms CreateObjectMapping: 0.175700 ms MarkObjects: 8.773400 ms  DeleteObjects: 0.315400 ms)

AssetImportParameters requested are different than current active one (requested -> active):
  custom:framework-win-MediaFoundation: 216162199b28c13a410421893ffa2e32 -> 
  custom:video-decoder-ogg-theora: a1e56fd34408186e4bbccfd4996cb3dc -> 
  custom:container-muxer-webm: aa71ff27fc2769a1b78a27578f13a17b -> 
  custom:container-demuxer-webm: 4f35f7cbe854078d1ac9338744f61a02 -> 
  custom:container-demuxer-ogg: 62fdf1f143b41e24485cea50d1cbac27 -> 
  custom:video-encoder-webm-vp8: eb34c28f22e8b96e1ab97ce403110664 -> 
  custom:video-decoder-webm-vp8: 9c59270c3fd7afecdb556c50c9e8de78 -> 
  custom:audio-decoder-ogg-vorbis: bf7c407c2cedff20999df2af8eb42d56 -> 
  custom:audio-encoder-webm-vorbis: bf7c407c2cedff20999df2af8eb42d56 -> 
AssetImportWorkerClient::OnTransportError - code=2 error=End of file
